[technext.github.io/tulen/index.html]
[backblue.gif]
[fade.gif]
[index.html]
[technext.github.io/tulen/css/bootstrap.min.css]
[technext.github.io/tulen/css/font-awesome.min.css]
[technext.github.io/tulen/css/themify-icons.css]
[technext.github.io/tulen/css/accordion.css]
[technext.github.io/tulen/css/owl.carousel.min.css]
[technext.github.io/tulen/css/style.css]
[technext.github.io/tulen/img/logo.png]
[technext.github.io/tulen/about.html]
[technext.github.io/tulen/gallery.html]
[technext.github.io/tulen/blog.html]
[technext.github.io/tulen/contact.html]
[technext.github.io/tulen/img/Hero/author.jpg]
[technext.github.io/tulen/js/vendor/jquery-3.2.1.min.js]
[technext.github.io/tulen/js/bootstrap.min.js]
[technext.github.io/tulen/js/owl.carousel.min.js]
[technext.github.io/tulen/js/imagesloaded.pkgd.min.js]
[technext.github.io/tulen/js/isotope.pkgd.min.js]
[technext.github.io/tulen/js/jquery.nicescroll.min.js]
[technext.github.io/tulen/js/circle-progress.min.js]
[technext.github.io/tulen/js/pana-accordion.js]
[technext.github.io/tulen/js/main.js]
[technext.github.io/tulen/index.html]
[technext.github.io/tulen/img/about.jpg]
[technext.github.io/tulen/about.html]
[technext.github.io/tulen/css/fresco.css]
[technext.github.io/tulen/img/gallery/1.jpg]
[technext.github.io/tulen/img/gallery/author.jpg]
[technext.github.io/tulen/img/gallery/2.jpg]
[technext.github.io/tulen/img/gallery/3.jpg]
[technext.github.io/tulen/img/gallery/4.jpg]
[technext.github.io/tulen/img/gallery/6.jpg]
[technext.github.io/tulen/img/gallery/5.jpg]
[technext.github.io/tulen/img/gallery/7.jpg]
[technext.github.io/tulen/img/gallery/8.jpg]
[technext.github.io/tulen/img/gallery/9.jpg]
[technext.github.io/tulen/img/gallery/10.jpg]
[technext.github.io/tulen/img/gallery/11.jpg]
[technext.github.io/tulen/gallery.html]
[technext.github.io/tulen/img/blog/1.jpg]
[technext.github.io/tulen/js/fresco.min.js]
[technext.github.io/tulen/blog-details.html]
[technext.github.io/tulen/img/blog/2.jpg]
[technext.github.io/tulen/img/blog/3.jpg]
[technext.github.io/tulen/img/blog/4.jpg]
[technext.github.io/tulen/img/blog/5.jpg]
[technext.github.io/tulen/img/blog/7.jpg]
[technext.github.io/tulen/img/blog/9.jpg]
[technext.github.io/tulen/img/blog/8.jpg]
[technext.github.io/tulen/img/blog/6.jpg]
[technext.github.io/tulen/img/blog/10.jpg]
[technext.github.io/tulen/img/blog/12.jpg]
[technext.github.io/tulen/img/blog/14.jpg]
[technext.github.io/tulen/img/blog/11.jpg]
[technext.github.io/tulen/img/blog/15.jpg]
[technext.github.io/tulen/img/blog/13.jpg]
[technext.github.io/tulen/blog.html]
[technext.github.io/tulen/contact.html]
[technext.github.io/tulen/img/blog-details/thumbnail.jpg]
[technext.github.io/tulen/img/blog-details/1.jpg]
[technext.github.io/tulen/img/blog-details/2.jpg]
[technext.github.io/tulen/img/blog-details/3.jpg]
[technext.github.io/tulen/img/blog-details/4.jpg]
[technext.github.io/tulen/img/blog-details/5.jpg]
[technext.github.io/tulen/img/blog-details/user-1.jpg]
[technext.github.io/tulen/img/blog-details/user-2.jpg]
[technext.github.io/tulen/img/blog-details/user-3.jpg]
[technext.github.io/tulen/blog-details.html]
[technext.github.io/tulen/css/bootstrap.min.css]
[technext.github.io/tulen/fonts/fontawesome-webfont3e6e.eot]
[technext.github.io/tulen/img/gallery/1.jpg]
[technext.github.io/tulen/img/about.jpg]
[technext.github.io/tulen/fonts/fontawesome-webfontd41d.eot]
[technext.github.io/tulen/img/gallery/2.jpg]
[technext.github.io/tulen/img/gallery/4.jpg]
[technext.github.io/tulen/img/gallery/3.jpg]
[technext.github.io/tulen/fonts/fontawesome-webfont3e6e.woff2]
[technext.github.io/tulen/img/gallery/7.jpg]
[technext.github.io/tulen/img/gallery/6.jpg]
[technext.github.io/tulen/img/gallery/5.jpg]
[technext.github.io/tulen/fonts/fontawesome-webfont3e6e.woff]
[technext.github.io/tulen/img/gallery/8.jpg]
[technext.github.io/tulen/img/gallery/9.jpg]
[technext.github.io/tulen/fonts/fontawesome-webfont3e6e.ttf]
[technext.github.io/tulen/img/gallery/10.jpg]
[technext.github.io/tulen/css/font-awesome.min.css]
[technext.github.io/tulen/fonts/fontawesome-webfont3e6e.svg]
[technext.github.io/tulen/img/blog/1.jpg]
[technext.github.io/tulen/img/gallery/11.jpg]
[technext.github.io/tulen/img/blog/3.jpg]
[technext.github.io/tulen/fonts/themify9f24.eot]
[technext.github.io/tulen/img/blog/5.jpg]
[technext.github.io/tulen/img/blog/7.jpg]
[technext.github.io/tulen/img/blog/9.jpg]
[technext.github.io/tulen/img/blog/4.jpg]
[technext.github.io/tulen/img/blog/8.jpg]
[technext.github.io/tulen/img/blog/6.jpg]
[technext.github.io/tulen/img/blog/10.jpg]
[technext.github.io/tulen/fonts/themifyd41d.eot]
[technext.github.io/tulen/img/blog/12.jpg]
[technext.github.io/tulen/img/blog/11.jpg]
[technext.github.io/tulen/img/blog/14.jpg]
[technext.github.io/tulen/fonts/themify9f24.woff]
[technext.github.io/tulen/img/blog/13.jpg]
[technext.github.io/tulen/img/blog-details/thumbnail.jpg]
[technext.github.io/tulen/img/blog/15.jpg]
[technext.github.io/tulen/fonts/themify9f24.ttf]
[technext.github.io/tulen/css/themify-icons.css]
[technext.github.io/tulen/fonts/themify9f24.svg]
[technext.github.io/tulen/css/accordion.css]
[technext.github.io/tulen/img/blog-details/1.jpg]
[technext.github.io/tulen/img/blog-details/2.jpg]
[technext.github.io/tulen/img/blog-details/3.jpg]
[technext.github.io/tulen/fonts/fontawesome-webfont3e6e.woff]
[technext.github.io/tulen/fonts/fontawesome-webfont3e6e.woff2]
[technext.github.io/tulen/fonts/themify9f24.woff]
[technext.github.io/tulen/css/owl.video.play.49.delayed]
[technext.github.io/tulen/css/owl.carousel.min.css]
[technext.github.io/tulen/img/about-bg.png]
[technext.github.io/tulen/css/style.css]
[technext.github.io/tulen/img/Hero/author.html]
[technext.github.io/tulen/css/fresco/skins/fresco/sprite.svg]
[technext.github.io/tulen/css/fresco/skins/fresco/sprite.png]
[technext.github.io/tulen/css/fresco.css]
[technext.github.io/tulen/blog-details.html]
[technext.github.io/tulen/fonts/fontawesome-webfont3e6e.svg]
[technext.github.io/tulen/fonts/themify9f24.svg]
[technext.github.io/tulen/css/owl.video.play.html]
[technext.github.io/tulen/css/fresco/skins/fresco/sprite.svg]
